2024/02/26 17:56:45 <nil>%!(EXTRA *status.Error=rpc error: code = Unavailable desc = error reading from server: EOF)
2024/02/26 17:56:45 <nil>%!(EXTRA *status.Error=rpc error: code = Unavailable desc = connection error: desc = "transport: Error while dialing: dial tcp :3003: connect: connection refused")
2024/02/26 17:56:46 <nil>%!(EXTRA *status.Error=rpc error: code = Unavailable desc = connection error: desc = "transport: Error while dialing: dial tcp :3003: connect: connection refused")
2024/02/26 17:56:46 <nil>%!(EXTRA *status.Error=rpc error: code = Unavailable desc = connection error: desc = "transport: Error while dialing: dial tcp :3003: connect: connection refused")
2024/02/26 17:56:47 <nil>%!(EXTRA *status.Error=rpc error: code = Unavailable desc = connection error: desc = "transport: Error while dialing: dial tcp :3003: connect: connection refused")
2024/02/26 17:56:47 <nil>%!(EXTRA *status.Error=rpc error: code = Unavailable desc = connection error: desc = "transport: Error while dialing: dial tcp :3003: connect: connection refused")
2024/02/26 17:56:48 <nil>%!(EXTRA *status.Error=rpc error: code = Unavailable desc = connection error: desc = "transport: Error while dialing: dial tcp :3003: connect: connection refused")
2024/02/26 17:56:48 <nil>%!(EXTRA *status.Error=rpc error: code = Unavailable desc = connection error: desc = "transport: Error while dialing: dial tcp :3003: connect: connection refused")
2024/02/26 17:56:49 <nil>%!(EXTRA *status.Error=rpc error: code = Unavailable desc = connection error: desc = "transport: Error while dialing: dial tcp :3003: connect: connection refused")
2024/02/26 17:56:49 <nil>%!(EXTRA *status.Error=rpc error: code = Unavailable desc = connection error: desc = "transport: Error while dialing: dial tcp :3003: connect: connection refused")
2024/02/26 17:56:50 <nil>%!(EXTRA *status.Error=rpc error: code = Unavailable desc = connection error: desc = "transport: Error while dialing: dial tcp :3003: connect: connection refused")
2024/02/26 17:56:50 <nil>%!(EXTRA *status.Error=rpc error: code = Unavailable desc = connection error: desc = "transport: Error while dialing: dial tcp :3003: connect: connection refused")
2024/02/26 17:56:51 <nil>%!(EXTRA *status.Error=rpc error: code = Unavailable desc = connection error: desc = "transport: Error while dialing: dial tcp :3003: connect: connection refused")
2024/02/26 17:56:51 <nil>%!(EXTRA *status.Error=rpc error: code = Unavailable desc = connection error: desc = "transport: Error while dialing: dial tcp :3003: connect: connection refused")
2024/02/26 18:00:51 <nil>%!(EXTRA *status.Error=rpc error: code = Unavailable desc = connection error: desc = "transport: Error while dialing: dial tcp :3003: connect: connection refused")
2024/02/26 18:00:51 <nil>%!(EXTRA *status.Error=rpc error: code = Unavailable desc = connection error: desc = "transport: Error while dialing: dial tcp :3003: connect: connection refused")
2024/02/26 18:00:52 <nil>%!(EXTRA *status.Error=rpc error: code = Unavailable desc = connection error: desc = "transport: Error while dialing: dial tcp :3003: connect: connection refused")
2024/02/26 18:00:52 <nil>%!(EXTRA *status.Error=rpc error: code = Unavailable desc = connection error: desc = "transport: Error while dialing: dial tcp :3003: connect: connection refused")
2024/02/26 18:00:53 <nil>%!(EXTRA *status.Error=rpc error: code = Unavailable desc = connection error: desc = "transport: Error while dialing: dial tcp :3003: connect: connection refused")
2024/02/26 18:00:53 <nil>%!(EXTRA *status.Error=rpc error: code = Unavailable desc = connection error: desc = "transport: Error while dialing: dial tcp :3003: connect: connection refused")
2024/02/26 18:04:16 <nil>%!(EXTRA *status.Error=rpc error: code = Unavailable desc = error reading from server: EOF)
2024/02/26 18:04:16 <nil>%!(EXTRA *status.Error=rpc error: code = Unavailable desc = connection error: desc = "transport: Error while dialing: dial tcp :3003: connect: connection refused")
2024/02/26 18:04:17 <nil>%!(EXTRA *status.Error=rpc error: code = Unavailable desc = connection error: desc = "transport: Error while dialing: dial tcp :3003: connect: connection refused")
2024/02/26 18:04:17 <nil>%!(EXTRA *status.Error=rpc error: code = Unavailable desc = connection error: desc = "transport: Error while dialing: dial tcp :3003: connect: connection refused")
2024/02/26 18:08:40 <nil>%!(EXTRA *status.Error=rpc error: code = Unavailable desc = connection error: desc = "transport: Error while dialing: dial tcp :3003: connect: connection refused")
2024/02/26 18:08:40 <nil>%!(EXTRA *status.Error=rpc error: code = Unavailable desc = connection error: desc = "transport: Error while dialing: dial tcp :3003: connect: connection refused")
2024/02/26 18:08:58 <nil>%!(EXTRA *status.Error=rpc error: code = Unavailable desc = connection error: desc = "transport: Error while dialing: dial tcp :3003: connect: connection refused")
2024/02/26 18:08:58 <nil>%!(EXTRA *status.Error=rpc error: code = Unavailable desc = connection error: desc = "transport: Error while dialing: dial tcp :3003: connect: connection refused")
2024/02/26 18:30:00 <nil>%!(EXTRA *status.Error=rpc error: code = Unavailable desc = error reading from server: EOF)
2024/02/26 18:30:00 <nil>%!(EXTRA *status.Error=rpc error: code = Unavailable desc = connection error: desc = "transport: Error while dialing: dial tcp :3003: connect: connection refused")
2024/02/26 20:18:00 <nil>%!(EXTRA *status.Error=rpc error: code = Unavailable desc = error reading from server: EOF)
2024/02/26 20:18:00 <nil>%!(EXTRA *status.Error=rpc error: code = Unavailable desc = connection error: desc = "transport: Error while dialing: dial tcp :3003: connect: connection refused")
2024/02/26 20:19:00 <nil>%!(EXTRA *status.Error=rpc error: code = Unavailable desc = connection error: desc = "transport: Error while dialing: dial tcp :3003: connect: connection refused")
2024/02/26 20:19:00 <nil>%!(EXTRA *status.Error=rpc error: code = Unavailable desc = connection error: desc = "transport: Error while dialing: dial tcp :3003: connect: connection refused")
2024/02/26 20:20:00 <nil>%!(EXTRA *status.Error=rpc error: code = Unavailable desc = error reading from server: EOF)
2024/02/26 20:20:00 <nil>%!(EXTRA *status.Error=rpc error: code = Unavailable desc = connection error: desc = "transport: Error while dialing: dial tcp :3003: connect: connection refused")
2024/02/26 20:21:00 <nil>%!(EXTRA *status.Error=rpc error: code = Unavailable desc = connection error: desc = "transport: Error while dialing: dial tcp :3003: connect: connection refused")
2024/02/26 20:21:00 <nil>%!(EXTRA *status.Error=rpc error: code = Unavailable desc = connection error: desc = "transport: Error while dialing: dial tcp :3003: connect: connection refused")
2024/02/26 20:22:00 <nil>%!(EXTRA *status.Error=rpc error: code = Unavailable desc = connection error: desc = "transport: Error while dialing: dial tcp :3003: connect: connection refused")
2024/02/26 20:22:00 <nil>%!(EXTRA *status.Error=rpc error: code = Unavailable desc = connection error: desc = "transport: Error while dialing: dial tcp :3003: connect: connection refused")
2024/02/26 20:23:00 <nil>%!(EXTRA *status.Error=rpc error: code = Unavailable desc = connection error: desc = "transport: Error while dialing: dial tcp :3003: connect: connection refused")
2024/02/26 20:23:00 <nil>%!(EXTRA *status.Error=rpc error: code = Unavailable desc = connection error: desc = "transport: Error while dialing: dial tcp :3003: connect: connection refused")
2024/02/26 20:24:00 <nil>%!(EXTRA *status.Error=rpc error: code = Unavailable desc = connection error: desc = "transport: Error while dialing: dial tcp :3003: connect: connection refused")
2024/02/26 20:24:00 <nil>%!(EXTRA *status.Error=rpc error: code = Unavailable desc = connection error: desc = "transport: Error while dialing: dial tcp :3003: connect: connection refused")
2024/02/26 20:25:00 <nil>%!(EXTRA *status.Error=rpc error: code = Unavailable desc = connection error: desc = "transport: Error while dialing: dial tcp :3003: connect: connection refused")
2024/02/26 20:25:00 <nil>%!(EXTRA *status.Error=rpc error: code = Unavailable desc = connection error: desc = "transport: Error while dialing: dial tcp :3003: connect: connection refused")
2024/02/26 20:26:10 %!(EXTRA <nil>)
2024/02/26 20:26:20 %!(EXTRA <nil>)
2024/02/26 20:27:08 %!(EXTRA <nil>)
2024/02/26 20:27:18 %!(EXTRA <nil>)
2024/02/26 20:33:09 %!(EXTRA <nil>)
2024/02/26 20:33:19 %!(EXTRA <nil>)
2024/02/26 20:36:09 %!(EXTRA <nil>)
2024/02/26 20:38:09 <nil>%!(EXTRA *status.Error=rpc error: code = Unavailable desc = error reading from server: EOF)
2024/02/26 20:38:09 <nil>%!(EXTRA *status.Error=rpc error: code = Unavailable desc = connection error: desc = "transport: Error while dialing: dial tcp :3003: connect: connection refused")
2024/02/26 20:39:00 <nil>%!(EXTRA *status.Error=rpc error: code = Unavailable desc = connection error: desc = "transport: Error while dialing: dial tcp :3003: connect: connection refused")
2024/02/26 20:39:00 <nil>%!(EXTRA *status.Error=rpc error: code = Unavailable desc = connection error: desc = "transport: Error while dialing: dial tcp :3003: connect: connection refused")
2024/02/26 20:40:00 <nil>%!(EXTRA *status.Error=rpc error: code = Unavailable desc = connection error: desc = "transport: Error while dialing: dial tcp :3003: connect: connection refused")
2024/02/26 20:40:00 <nil>%!(EXTRA *status.Error=rpc error: code = Unavailable desc = connection error: desc = "transport: Error while dialing: dial tcp :3003: connect: connection refused")
2024/02/26 20:41:00 <nil>%!(EXTRA *status.Error=rpc error: code = Internal desc = grpc: error while marshaling: proto: Marshal called with nil)
2024/02/26 20:41:11 %!(EXTRA <nil>)
2024/02/26 20:42:00 <nil>%!(EXTRA *status.Error=rpc error: code = Internal desc = grpc: error while marshaling: proto: Marshal called with nil)
2024/02/26 20:42:09 %!(EXTRA <nil>)
2024/02/26 20:47:00 <nil>%!(EXTRA *status.Error=rpc error: code = Internal desc = grpc: error while marshaling: proto: Marshal called with nil)
2024/02/26 20:47:10 %!(EXTRA <nil>)
2024/02/26 20:48:00 <nil>%!(EXTRA *status.Error=rpc error: code = Internal desc = grpc: error while marshaling: proto: Marshal called with nil)
2024/02/26 20:48:09 %!(EXTRA <nil>)
2024/02/26 20:54:00 <nil>%!(EXTRA *status.Error=rpc error: code = Internal desc = grpc: error while marshaling: proto: Marshal called with nil)
2024/02/26 20:54:09 %!(EXTRA <nil>)
2024/02/26 20:57:00 <nil>%!(EXTRA *status.Error=rpc error: code = Internal desc = grpc: error while marshaling: proto: Marshal called with nil)
2024/02/26 20:57:09 %!(EXTRA <nil>)
2024/02/26 20:58:00 <nil>%!(EXTRA *status.Error=rpc error: code = Internal desc = grpc: error while marshaling: proto: Marshal called with nil)
2024/02/26 20:58:08 %!(EXTRA <nil>)
2024/02/26 20:59:00 <nil>%!(EXTRA *status.Error=rpc error: code = Internal desc = grpc: error while marshaling: proto: Marshal called with nil)
2024/02/26 20:59:09 %!(EXTRA <nil>)
2024/02/26 21:18:00 <nil>%!(EXTRA *status.Error=rpc error: code = Internal desc = grpc: error while marshaling: proto: Marshal called with nil)
2024/02/26 21:18:09 %!(EXTRA <nil>)
2024/02/26 21:19:00 <nil>%!(EXTRA *status.Error=rpc error: code = Internal desc = grpc: error while marshaling: proto: Marshal called with nil)
2024/02/26 21:23:00 <nil>%!(EXTRA *status.Error=rpc error: code = Internal desc = grpc: error while marshaling: proto: Marshal called with nil)
2024/02/26 21:23:09 %!(EXTRA <nil>)
2024/02/28 06:57:00 <nil>%!(EXTRA *status.Error=rpc error: code = Unavailable desc = error reading from server: EOF)
2024/02/28 06:57:00 <nil>%!(EXTRA *status.Error=rpc error: code = Unavailable desc = connection error: desc = "transport: Error while dialing: dial tcp :3003: connect: connection refused")
2024/02/28 06:58:00 <nil>%!(EXTRA *status.Error=rpc error: code = Unavailable desc = connection error: desc = "transport: Error while dialing: dial tcp :3003: connect: connection refused")
2024/02/28 06:58:00 <nil>%!(EXTRA *status.Error=rpc error: code = Unavailable desc = connection error: desc = "transport: Error while dialing: dial tcp :3003: connect: connection refused")
2024/02/28 06:59:00 <nil>%!(EXTRA *status.Error=rpc error: code = Unavailable desc = connection error: desc = "transport: Error while dialing: dial tcp :3003: connect: connection refused")
2024/02/28 06:59:00 <nil>%!(EXTRA *status.Error=rpc error: code = Unavailable desc = connection error: desc = "transport: Error while dialing: dial tcp :3003: connect: connection refused")
2024/02/28 07:00:00 <nil>%!(EXTRA *status.Error=rpc error: code = Unavailable desc = connection error: desc = "transport: Error while dialing: dial tcp :3003: connect: connection refused")
2024/02/28 07:00:00 <nil>%!(EXTRA *status.Error=rpc error: code = Unavailable desc = connection error: desc = "transport: Error while dialing: dial tcp :3003: connect: connection refused")
2024/02/28 07:01:00 <nil>%!(EXTRA *status.Error=rpc error: code = Unavailable desc = connection error: desc = "transport: Error while dialing: dial tcp :3003: connect: connection refused")
2024/02/28 07:01:00 <nil>%!(EXTRA *status.Error=rpc error: code = Unavailable desc = connection error: desc = "transport: Error while dialing: dial tcp :3003: connect: connection refused")
2024/03/08 17:44:08 Failed to setup TLS: open ./../../service.pem: no such file or directory
2024/03/08 17:44:32 Failed to setup TLS: open ./../../service.pem: no such file or directory
2024/03/08 17:44:45 Failed to setup TLS: open ./../../service.pem: no such file or directory
